<?xml version="1.0" encoding="UTF-8"?>
<!-- Generated by org.testng.reporters.JUnitReportReporter -->
<testsuite hostname="Vivek" failures="0" tests="1" name="testPack.TC01_VerifyElementsFunctionality" time="15.791" errors="0" timestamp="2024-04-17T08:49:07 IST" skipped="0">
  <testcase classname="testPack.TC01_VerifyElementsFunctionality" name="verifyElementsFunctionality" time="15.791"/>
</testsuite> <!-- testPack.TC01_VerifyElementsFunctionality -->
