<?xml version="1.0" encoding="UTF-8"?>
<!-- Generated by org.testng.reporters.JUnitReportReporter -->
<testsuite hostname="Vivek" failures="0" tests="1" name="testPack.TC01_VerifyElementsFunctionality" time="20.861" errors="0" timestamp="2024-04-24T18:48:54 IST" skipped="0">
  <testcase classname="testPack.TC01_VerifyElementsFunctionality" name="verifyElementsFunctionality" time="20.861"/>
</testsuite> <!-- testPack.TC01_VerifyElementsFunctionality -->
