<?xml version="1.0" encoding="UTF-8"?>
<!-- Generated by org.testng.reporters.JUnitReportReporter -->
<testsuite hostname="Vivek" failures="0" tests="1" name="testPack.TC02_VerifyTextBoxFunctionality" time="18.162" errors="0" timestamp="2024-04-17T09:39:36 IST" skipped="0">
  <testcase classname="testPack.TC02_VerifyTextBoxFunctionality" name="VerifyTextBoxFunctionality" time="18.162"/>
</testsuite> <!-- testPack.TC02_VerifyTextBoxFunctionality -->
