<?xml version="1.0" encoding="UTF-8"?>
<!-- Generated by org.testng.reporters.JUnitReportReporter -->
<testsuite hostname="Vivek" failures="0" tests="1" name="testPack.TC03_VerifyCheckBoxFunctionality" time="16.373" errors="0" timestamp="2024-04-24T19:54:36 IST" skipped="0">
  <testcase classname="testPack.TC03_VerifyCheckBoxFunctionality" name="verifyCheckBoxFunctionality" time="16.373"/>
</testsuite> <!-- testPack.TC03_VerifyCheckBoxFunctionality -->
