<?xml version="1.0" encoding="UTF-8"?>
<!-- Generated by org.testng.reporters.JUnitReportReporter -->
<testsuite hostname="Vivek" failures="0" tests="1" name="testPack.TC02_VerifyTextBoxFunctionality" time="25.342" errors="0" timestamp="2024-04-24T19:42:58 IST" skipped="0">
  <testcase classname="testPack.TC02_VerifyTextBoxFunctionality" name="VerifyTextBoxFunctionality" time="25.342"/>
</testsuite> <!-- testPack.TC02_VerifyTextBoxFunctionality -->
